[debug] [2025-08-29T13:03:14.039Z] ----------------------------------------------------------------------
[debug] [2025-08-29T13:03:14.042Z] Command:       /home/paduan/.nvm/versions/node/v22.13.1/bin/node /home/paduan/.nvm/versions/node/v22.13.1/bin/firebase init
[debug] [2025-08-29T13:03:14.043Z] CLI Version:   14.15.1
[debug] [2025-08-29T13:03:14.043Z] Platform:      linux
[debug] [2025-08-29T13:03:14.043Z] Node Version:  v22.13.1
[debug] [2025-08-29T13:03:14.044Z] Time:          Fri Aug 29 2025 10:03:14 GMT-0300 (Horário Padrão de Brasília)
[debug] [2025-08-29T13:03:14.044Z] ----------------------------------------------------------------------
[debug] 
[debug] [2025-08-29T13:03:14.055Z] > command requires scopes: ["email","openid","https://www.googleapis.com/auth/cloudplatformprojects.readonly","https://www.googleapis.com/auth/firebase","https://www.googleapis.com/auth/cloud-platform"]
[debug] [2025-08-29T13:03:14.057Z] > authorizing via signed-in user (gabrielpaduancofani@gmail.com)
[info] 
     ######## #### ########  ######## ########     ###     ######  ########
     ##        ##  ##     ## ##       ##     ##  ##   ##  ##       ##
     ######    ##  ########  ######   ########  #########  ######  ######
     ##        ##  ##    ##  ##       ##     ## ##     ##       ## ##
     ##       #### ##     ## ######## ########  ##     ##  ######  ########

You're about to initialize a Firebase project in this directory:

  /home/paduan/Documentos/Projetos/Sistema_Comodato_New

[debug] [2025-08-29T13:10:56.675Z] ExitPromptError: User force closed the prompt with SIGINT
    at Interface.sigint (/home/paduan/.nvm/versions/node/v22.13.1/lib/node_modules/firebase-tools/node_modules/@inquirer/core/dist/commonjs/lib/create-prompt.js:101:37)
    at Interface.emit (node:events:524:28)
    at Interface.emit (node:domain:489:12)
    at [_ttyWrite] [as _ttyWrite] (node:internal/readline/interface:1124:18)
    at ReadStream.onkeypress (node:internal/readline/interface:263:20)
    at ReadStream.emit (node:events:536:35)
    at ReadStream.emit (node:domain:489:12)
    at emitKeys (node:internal/readline/utils:370:14)
    at emitKeys.next (<anonymous>)
    at ReadStream.onData (node:internal/readline/emitKeypressEvents:64:36)
[error] 
[error] Error: An unexpected error has occurred.
